<?xml version="1.0" encoding="UTF-8"?>
<!-- Generated by org.testng.reporters.JUnitReportReporter -->
<testsuite hostname="Naveen" failures="0" tests="1" name="ecommerce.SwagLabsTest" time="204.575" errors="0" timestamp="2024-04-11T15:26:08 IST" skipped="0">
  <testcase classname="ecommerce.SwagLabsTest" name="verify_login_using_valid_username_and_password" time="204.575"/>
</testsuite> <!-- ecommerce.SwagLabsTest -->
